<?xml version="1.0" encoding="UTF-8"?>
<testng-results ignored="0" total="2" passed="2" failed="0" skipped="0">
  <reporter-output>
  </reporter-output>
  <suite started-at="2020-06-24T00:37:16 EDT" name="Default suite" finished-at="2020-06-24T00:37:40 EDT" duration-ms="24517">
    <groups>
    </groups>
    <test started-at="2020-06-24T00:37:16 EDT" name="Default test" finished-at="2020-06-24T00:37:40 EDT" duration-ms="24517">
      <class name="test.TechFiosTest">
        <test-method signature="DropDownList()[pri:0, instance:test.TechFiosTest@3cebbb30]" started-at="2020-06-24T00:37:16 EDT" name="DropDownList" finished-at="2020-06-24T00:37:25 EDT" duration-ms="9838" status="PASS">
          <reporter-output>
          </reporter-output>
        </test-method> <!-- DropDownList -->
        <test-method signature="UserShouldBeAbleToAdd()[pri:0, instance:test.TechFiosTest@3cebbb30]" started-at="2020-06-24T00:37:25 EDT" name="UserShouldBeAbleToAdd" finished-at="2020-06-24T00:37:40 EDT" duration-ms="14629" status="PASS">
          <reporter-output>
          </reporter-output>
        </test-method> <!-- UserShouldBeAbleToAdd -->
      </class> <!-- test.TechFiosTest -->
    </test> <!-- Default test -->
  </suite> <!-- Default suite -->
</testng-results>
